<?xml version="1.0" ?><coverage branch-rate="0" branches-covered="0" branches-valid="0" complexity="0" line-rate="0.8291" lines-covered="296" lines-valid="357" timestamp="1579633430285" version="5.0.3"><!-- Generated by coverage.py: https://coverage.readthedocs.io --><!-- Based on https://raw.githubusercontent.com/cobertura/web/master/htdocs/xml/coverage-04.dtd --><sources><source>/Users/ivo/dev/ccguard/ccguard</source></sources><packages><package branch-rate="0" complexity="0" line-rate="0.8291" name="."><classes><class branch-rate="0" complexity="0" filename="ccguard.py" line-rate="0.7189" name="ccguard.py"><methods/><lines><line hits="1" number="3"/><line hits="1" number="4"/><line hits="1" number="5"/><line hits="1" number="6"/><line hits="1" number="7"/><line hits="1" number="8"/><line hits="1" number="9"/><line hits="1" number="10"/><line hits="1" number="11"/><line hits="1" number="12"/><line hits="1" number="13"/><line hits="1" number="14"/><line hits="1" number="17"/><line hits="1" number="18"/><line hits="1" number="19"/><line hits="1" number="21"/><line hits="1" number="30"/><line hits="1" number="31"/><line hits="1" number="32"/><line hits="1" number="34"/><line hits="1" number="35"/><line hits="1" number="36"/><line hits="1" number="37"/><line hits="1" number="38"/><line hits="1" number="39"/><line hits="1" number="40"/><line hits="1" number="41"/><line hits="1" number="42"/><line hits="1" number="45"/><line hits="1" number="46"/><line hits="1" number="47"/><line hits="1" number="48"/><line hits="0" number="49"/><line hits="0" number="50"/><line hits="0" number="51"/><line hits="1" number="54"/><line hits="1" number="55"/><line hits="1" number="56"/><line hits="1" number="58"/><line hits="1" number="59"/><line hits="1" number="63"/><line hits="1" number="64"/><line hits="1" number="68"/><line hits="1" number="69"/><line hits="1" number="70"/><line hits="1" number="72"/><line hits="1" number="73"/><line hits="1" number="74"/><line hits="1" number="75"/><line hits="1" number="76"/><line hits="1" number="79"/><line hits="1" number="80"/><line hits="1" number="81"/><line hits="1" number="82"/><line hits="1" number="83"/><line hits="1" number="84"/><line hits="1" number="86"/><line hits="1" number="87"/><line hits="1" number="88"/><line hits="1" number="91"/><line hits="1" number="92"/><line hits="1" number="93"/><line hits="1" number="94"/><line hits="1" number="95"/><line hits="1" number="96"/><line hits="1" number="98"/><line hits="1" number="99"/><line hits="1" number="100"/><line hits="1" number="101"/><line hits="1" number="106"/><line hits="1" number="107"/><line hits="1" number="108"/><line hits="1" number="109"/><line hits="1" number="110"/><line hits="1" number="111"/><line hits="1" number="113"/><line hits="1" number="114"/><line hits="1" number="116"/><line hits="1" number="117"/><line hits="1" number="119"/><line hits="1" number="120"/><line hits="1" number="123"/><line hits="1" number="127"/><line hits="1" number="128"/><line hits="1" number="132"/><line hits="1" number="134"/><line hits="1" number="135"/><line hits="1" number="139"/><line hits="1" number="140"/><line hits="1" number="141"/><line hits="0" number="142"/><line hits="1" number="143"/><line hits="1" number="144"/><line hits="1" number="146"/><line hits="1" number="147"/><line hits="1" number="151"/><line hits="1" number="153"/><line hits="1" number="154"/><line hits="1" number="160"/><line hits="1" number="161"/><line hits="1" number="164"/><line hits="1" number="165"/><line hits="1" number="166"/><line hits="1" number="167"/><line hits="1" number="168"/><line hits="1" number="169"/><line hits="1" number="170"/><line hits="1" number="171"/><line hits="1" number="173"/><line hits="1" number="174"/><line hits="1" number="176"/><line hits="1" number="177"/><line hits="1" number="179"/><line hits="1" number="180"/><line hits="1" number="182"/><line hits="1" number="183"/><line hits="1" number="185"/><line hits="1" number="186"/><line hits="1" number="187"/><line hits="1" number="191"/><line hits="1" number="192"/><line hits="1" number="195"/><line hits="0" number="196"/><line hits="0" number="197"/><line hits="0" number="198"/><line hits="0" number="199"/><line hits="1" number="202"/><line hits="1" number="203"/><line hits="1" number="204"/><line hits="1" number="205"/><line hits="1" number="206"/><line hits="1" number="207"/><line hits="1" number="210"/><line hits="1" number="211"/><line hits="1" number="215"/><line hits="1" number="216"/><line hits="1" number="219"/><line hits="1" number="225"/><line hits="1" number="231"/><line hits="1" number="237"/><line hits="1" number="243"/><line hits="1" number="249"/><line hits="1" number="252"/><line hits="1" number="253"/><line hits="1" number="254"/><line hits="1" number="255"/><line hits="1" number="256"/><line hits="1" number="257"/><line hits="1" number="258"/><line hits="1" number="259"/><line hits="1" number="261"/><line hits="1" number="265"/><line hits="1" number="268"/><line hits="1" number="269"/><line hits="1" number="270"/><line hits="1" number="272"/><line hits="1" number="275"/><line hits="1" number="276"/><line hits="0" number="277"/><line hits="0" number="278"/><line hits="0" number="279"/><line hits="0" number="280"/><line hits="1" number="289"/><line hits="1" number="291"/><line hits="0" number="292"/><line hits="0" number="293"/><line hits="0" number="294"/><line hits="1" number="297"/><line hits="0" number="298"/><line hits="0" number="299"/><line hits="0" number="304"/><line hits="0" number="308"/><line hits="0" number="309"/><line hits="0" number="311"/><line hits="0" number="312"/><line hits="1" number="317"/><line hits="0" number="318"/><line hits="0" number="319"/><line hits="0" number="321"/><line hits="0" number="322"/><line hits="0" number="323"/><line hits="0" number="324"/><line hits="1" number="327"/><line hits="0" number="328"/><line hits="0" number="330"/><line hits="0" number="331"/><line hits="0" number="333"/><line hits="0" number="334"/><line hits="0" number="336"/><line hits="0" number="337"/><line hits="0" number="339"/><line hits="0" number="341"/><line hits="0" number="342"/><line hits="0" number="343"/><line hits="0" number="345"/><line hits="0" number="347"/><line hits="0" number="349"/><line hits="0" number="351"/><line hits="0" number="352"/><line hits="0" number="353"/><line hits="0" number="354"/><line hits="0" number="355"/><line hits="0" number="356"/><line hits="0" number="357"/><line hits="0" number="359"/><line hits="0" number="361"/><line hits="0" number="362"/><line hits="0" number="364"/><line hits="0" number="365"/><line hits="0" number="367"/><line hits="0" number="369"/><line hits="0" number="370"/><line hits="0" number="371"/><line hits="0" number="373"/><line hits="0" number="374"/><line hits="1" number="377"/><line hits="0" number="378"/></lines></class><class branch-rate="0" complexity="0" filename="gitlog2json.py" line-rate="1" name="gitlog2json.py"><methods/><lines><line hits="1" number="2"/><line hits="1" number="5"/><line hits="1" number="8"/><line hits="1" number="10"/><line hits="1" number="12"/><line hits="1" number="14"/><line hits="1" number="15"/><line hits="1" number="17"/><line hits="1" number="19"/></lines></class><class branch-rate="0" complexity="0" filename="test_ccguard.py" line-rate="1" name="test_ccguard.py"><methods/><lines><line hits="1" number="1"/><line hits="1" number="2"/><line hits="1" number="3"/><line hits="1" number="4"/><line hits="1" number="7"/><line hits="1" number="8"/><line hits="1" number="14"/><line hits="1" number="15"/><line hits="1" number="16"/><line hits="1" number="17"/><line hits="1" number="20"/><line hits="1" number="21"/><line hits="1" number="22"/><line hits="1" number="23"/><line hits="1" number="26"/><line hits="1" number="27"/><line hits="1" number="28"/><line hits="1" number="29"/><line hits="1" number="30"/><line hits="1" number="31"/><line hits="1" number="32"/><line hits="1" number="33"/><line hits="1" number="36"/><line hits="1" number="37"/><line hits="1" number="38"/><line hits="1" number="39"/><line hits="1" number="40"/><line hits="1" number="41"/><line hits="1" number="44"/><line hits="1" number="45"/><line hits="1" number="46"/><line hits="1" number="47"/><line hits="1" number="49"/><line hits="1" number="50"/><line hits="1" number="52"/><line hits="1" number="53"/><line hits="1" number="54"/><line hits="1" number="55"/><line hits="1" number="57"/><line hits="1" number="59"/><line hits="1" number="60"/><line hits="1" number="63"/><line hits="1" number="64"/><line hits="1" number="67"/><line hits="1" number="68"/><line hits="1" number="69"/><line hits="1" number="72"/><line hits="1" number="73"/><line hits="1" number="74"/><line hits="1" number="75"/><line hits="1" number="76"/><line hits="1" number="77"/><line hits="1" number="78"/><line hits="1" number="79"/><line hits="1" number="82"/><line hits="1" number="83"/><line hits="1" number="84"/><line hits="1" number="85"/><line hits="1" number="86"/><line hits="1" number="87"/><line hits="1" number="88"/><line hits="1" number="89"/><line hits="1" number="90"/><line hits="1" number="91"/><line hits="1" number="92"/><line hits="1" number="93"/><line hits="1" number="94"/><line hits="1" number="95"/><line hits="1" number="96"/><line hits="1" number="97"/><line hits="1" number="98"/><line hits="1" number="99"/><line hits="1" number="102"/><line hits="1" number="103"/><line hits="1" number="104"/><line hits="1" number="105"/><line hits="1" number="108"/><line hits="1" number="109"/><line hits="1" number="111"/><line hits="1" number="112"/><line hits="1" number="113"/><line hits="1" number="114"/><line hits="1" number="115"/><line hits="1" number="117"/><line hits="1" number="118"/><line hits="1" number="119"/><line hits="1" number="121"/><line hits="1" number="122"/><line hits="1" number="123"/><line hits="1" number="124"/><line hits="1" number="125"/><line hits="1" number="127"/><line hits="1" number="130"/><line hits="1" number="131"/><line hits="1" number="133"/><line hits="1" number="134"/><line hits="1" number="135"/><line hits="1" number="138"/><line hits="1" number="139"/><line hits="1" number="140"/><line hits="1" number="141"/><line hits="1" number="142"/><line hits="1" number="143"/><line hits="1" number="144"/><line hits="1" number="145"/><line hits="1" number="146"/><line hits="1" number="147"/><line hits="1" number="148"/><line hits="1" number="149"/><line hits="1" number="150"/><line hits="1" number="151"/><line hits="1" number="154"/><line hits="1" number="155"/><line hits="1" number="156"/><line hits="1" number="157"/><line hits="1" number="158"/><line hits="1" number="161"/><line hits="1" number="162"/><line hits="1" number="163"/><line hits="1" number="164"/><line hits="1" number="165"/><line hits="1" number="166"/><line hits="1" number="167"/><line hits="1" number="168"/></lines></class><class branch-rate="0" complexity="0" filename="test_gitlog2json.py" line-rate="1" name="test_gitlog2json.py"><methods/><lines><line hits="1" number="1"/><line hits="1" number="4"/><line hits="1" number="5"/><line hits="1" number="6"/><line hits="1" number="7"/><line hits="1" number="8"/><line hits="1" number="9"/></lines></class></classes></package></packages></coverage>